<?xml version="1.0" encoding="UTF-8"?>
<testng-results ignored="0" total="1" passed="1" failed="0" skipped="0">
  <reporter-output>
  </reporter-output>
  <suite started-at="2023-08-06T19:02:44 WAT" name="Default suite" finished-at="2023-08-06T19:03:27 WAT" duration-ms="42879">
    <groups>
    </groups>
    <test started-at="2023-08-06T19:02:44 WAT" name="Default test" finished-at="2023-08-06T19:03:27 WAT" duration-ms="42879">
      <class name="Test.SignupPageTest">
        <test-method is-config="true" signature="SetUpTest()[pri:0, instance:Test.SignupPageTest@22175d4f]" started-at="2023-08-06T19:02:44 WAT" name="SetUpTest" finished-at="2023-08-06T19:02:50 WAT" duration-ms="6779" status="PASS">
          <reporter-output>
          </reporter-output>
        </test-method> <!-- SetUpTest -->
        <test-method signature="signupTest()[pri:0, instance:Test.SignupPageTest@22175d4f]" started-at="2023-08-06T19:02:51 WAT" name="signupTest" finished-at="2023-08-06T19:03:26 WAT" duration-ms="35494" status="PASS">
          <reporter-output>
          </reporter-output>
        </test-method> <!-- signupTest -->
        <test-method is-config="true" signature="TearDownTest()[pri:0, instance:Test.SignupPageTest@22175d4f]" started-at="2023-08-06T19:03:26 WAT" name="TearDownTest" finished-at="2023-08-06T19:03:27 WAT" duration-ms="490" status="PASS">
          <reporter-output>
          </reporter-output>
        </test-method> <!-- TearDownTest -->
      </class> <!-- Test.SignupPageTest -->
    </test> <!-- Default test -->
  </suite> <!-- Default suite -->
</testng-results>
